<?xml version="1.0" encoding="UTF-8"?>
<!-- Generated by org.testng.reporters.JUnitXMLReporter -->
<testsuite ignored="0" hostname="LAPTOP-L4E43QCP" failures="1" tests="1" name="Test" time="17.358" errors="0" timestamp="05 Jul 2023 17:28:30 GMT">
  <testcase classname="login.testngg" name="appaction" time="0.009">
    <failure type="java.lang.NullPointerException" message="Cannot invoke &amp;quot;io.appium.java_client.android.AndroidDriver.findElementById(String)&amp;quot; because &amp;quot;this.driver&amp;quot; is null">
      <![CDATA[java.lang.NullPointerException: Cannot invoke "io.appium.java_client.android.AndroidDriver.findElementById(String)" because "this.driver" is null
at login.testngg.appaction(testngg.java:50)
... Removed 25 stack frames]]>
    </failure>
  </testcase> <!-- appaction -->
</testsuite> <!-- Test -->
