<?xml version="1.0" encoding="UTF-8"?>
<testng-results ignored="0" total="1" passed="1" failed="0" skipped="0">
  <reporter-output>
  </reporter-output>
  <suite started-at="2024-01-21T14:37:54Z" name="Default suite" finished-at="2024-01-21T14:38:59Z" duration-ms="65253">
    <groups>
    </groups>
    <test started-at="2024-01-21T14:37:54Z" name="Default test" finished-at="2024-01-21T14:38:59Z" duration-ms="65253">
      <class name="com.beatO.testcases.Login">
        <test-method is-config="true" signature="settup()[pri:0, instance:com.beatO.testcases.Login@43b9fd5]" started-at="2024-01-21T14:37:54Z" name="settup" finished-at="2024-01-21T14:38:43Z" duration-ms="48973" status="PASS">
          <reporter-output>
          </reporter-output>
        </test-method> <!-- settup -->
        <test-method signature="appaction()[pri:0, instance:com.beatO.testcases.Login@43b9fd5]" started-at="2024-01-21T14:38:43Z" name="appaction" finished-at="2024-01-21T14:38:59Z" duration-ms="16236" status="PASS">
          <reporter-output>
          </reporter-output>
        </test-method> <!-- appaction -->
      </class> <!-- com.beatO.testcases.Login -->
    </test> <!-- Default test -->
  </suite> <!-- Default suite -->
</testng-results>
